----------------------- UNet -----------------------
Patch size: 64
Classification level: 1
Using device: cuda
Loading data...
Data loading settings:
Splitting data: [0.68, 0.2]
Stratified: zone
Year: all
Patches: all
Batch size: 4096
Normalisation: channel_by_channel
Data augmentation
The seed to shuffle the data is  1
The data are from  all  year
Nbumber of unique zones: 108
Train, val and test zones saved in csv file at: ../../results/resnet18_64_l1/stratified_shuffling_by_zone/seed1/img_ids_by_set.csv
Image: min: 0.0, max: 1.0
Mask unique values: [0. 1.]
Train: 102118 images, Val: 36030 images, Test: 32320 images
Train: 59.90%, Val: 21.14%, Test: 18.96%
/home/bertille/.local/lib/python3.8/site-packages/pydantic/main.py:347: UserWarning: Pydantic serializer warnings:
  Expected `Union[float, tuple[float, float]]` but got `list` - serialized value may not be as expected
  Expected `Union[float, tuple[float, float]]` but got `list` - serialized value may not be as expected
  Expected `Union[float, tuple[float, float]]` but got `list` - serialized value may not be as expected
  Expected `Union[float, tuple[float, float]]` but got `list` - serialized value may not be as expected
  return self.__pydantic_serializer__.to_python(
/home/bertille/.local/lib/python3.8/site-packages/torchvision/models/_utils.py:223: UserWarning: Arguments other than a weight enum or `None` for 'weights' are deprecated since 0.13 and may be removed in the future. The current behavior is equivalent to passing `weights=ResNet18_Weights.IMAGENET1K_V1`. You can also use `weights=ResNet18_Weights.DEFAULT` to get the most up-to-date weights.
  warnings.warn(msg)
Creating model...
Model settings:
Pretrained: True
Classes: 7
The model is Resnet18
Pretrained weights loaded
Traceback (most recent call last):
  File "main.py", line 123, in <module>
    model.load_state_dict(torch.load(model_settings['path_to_last_model']))
  File "/home/bertille/.local/lib/python3.8/site-packages/torch/serialization.py", line 997, in load
    with _open_file_like(f, 'rb') as opened_file:
  File "/home/bertille/.local/lib/python3.8/site-packages/torch/serialization.py", line 444, in _open_file_like
    return _open_file(name_or_buffer, mode)
  File "/home/bertille/.local/lib/python3.8/site-packages/torch/serialization.py", line 425, in __init__
    super().__init__(open(name, mode))
FileNotFoundError: [Errno 2] No such file or directory: '../../results/resnet18_64_l1/stratified_shuffling_by_zone/all/resnet18_multi_label_64_zone_80epochs_bs4096_augmented_pre_trained/models/unet_last.pt'
