----------------------- UNet -----------------------
Patch size: 256
Classification level: 1
Using device: cuda
Loading data...
Data loading settings:
Splitting data: [0.6, 0.2]
Stratified: random
Batch size: 16
The seed to shuffle the data is  1
Train: 6397 images, Val: 2133 images, Test: 2133 images
Train: 59.99%, Val: 20.00%, Test: 20.00%
Creating model...
Model settings:
Encoder name: efficientnet-b7
Pretrained: None
Classes: 6
Creating optimizer...
Training settings:
Learning rate: 0.0001
Criterion: Dice
Optimizer: Adam
Training...
Epoch 1/70
Training
Batch: 0  over  400
Batch: 50  over  400
Batch: 100  over  400
Batch: 150  over  400
Batch: 200  over  400
Batch: 250  over  400
Batch: 300  over  400
Batch: 350  over  400
Validation
Batch: 0  over  134
Batch: 50  over  134
Batch: 100  over  134
Epoch 1/70: train loss 0.8241, val loss 0.8124
Epoch 1/70: train mIoU 0.0539, val mIoU 0.0521
Time: 0:13:47.707878
Epoch 2/70
Training
Batch: 0  over  400
Batch: 50  over  400
Batch: 100  over  400
Batch: 150  over  400
Batch: 200  over  400
Batch: 250  over  400
Batch: 300  over  400
Batch: 350  over  400
Validation
Batch: 0  over  134
Batch: 50  over  134
Batch: 100  over  134
Epoch 2/70: train loss 0.8282, val loss 0.8116
Epoch 2/70: train mIoU 0.0535, val mIoU 0.0521
Time: 0:13:46.105674
Epoch 3/70
Training
Batch: 0  over  400
Batch: 50  over  400
Batch: 100  over  400
Batch: 150  over  400
Batch: 200  over  400
Batch: 250  over  400
Batch: 300  over  400
Batch: 350  over  400
Validation
Batch: 0  over  134
Batch: 50  over  134
Batch: 100  over  134
Epoch 3/70: train loss 0.8253, val loss 0.8110
Epoch 3/70: train mIoU 0.0535, val mIoU 0.0521
Time: 0:13:43.077721
Epoch 4/70
Training
Batch: 0  over  400
Batch: 50  over  400
Batch: 100  over  400
Batch: 150  over  400
Batch: 200  over  400
Batch: 250  over  400
Batch: 300  over  400
Batch: 350  over  400
Validation
Batch: 0  over  134
Batch: 50  over  134
Batch: 100  over  134
Epoch 4/70: train loss 0.8203, val loss 0.8103
Epoch 4/70: train mIoU 0.0535, val mIoU 0.0521
Time: 0:13:43.995223
Epoch 5/70
Training
Batch: 0  over  400
Batch: 50  over  400
Batch: 100  over  400
Batch: 150  over  400
Batch: 200  over  400
Batch: 250  over  400
Batch: 300  over  400
Batch: 350  over  400
Validation
Batch: 0  over  134
Batch: 50  over  134
Batch: 100  over  134
Epoch 5/70: train loss 0.8225, val loss 0.8097
Epoch 5/70: train mIoU 0.0535, val mIoU 0.0521
Time: 0:13:43.263630
Epoch 6/70
Training
Batch: 0  over  400
Batch: 50  over  400
Batch: 100  over  400
Batch: 150  over  400
Batch: 200  over  400
Batch: 250  over  400
Batch: 300  over  400
Batch: 350  over  400
Validation
Batch: 0  over  134
Batch: 50  over  134
Batch: 100  over  134
Epoch 6/70: train loss 0.8204, val loss 0.8092
Epoch 6/70: train mIoU 0.0535, val mIoU 0.0521
Time: 0:13:43.951223
Epoch 7/70
Training
Batch: 0  over  400
Batch: 50  over  400
Batch: 100  over  400
Batch: 150  over  400
Batch: 200  over  400
Batch: 250  over  400
Batch: 300  over  400
Batch: 350  over  400
Validation
Batch: 0  over  134
Batch: 50  over  134
Batch: 100  over  134
Epoch 7/70: train loss 0.8182, val loss 0.8087
Epoch 7/70: train mIoU 0.0535, val mIoU 0.0521
Time: 0:13:44.109642
Epoch 8/70
Training
Batch: 0  over  400
Batch: 50  over  400
Batch: 100  over  400
Batch: 150  over  400
Batch: 200  over  400
Batch: 250  over  400
Batch: 300  over  400
Batch: 350  over  400
Validation
Batch: 0  over  134
Batch: 50  over  134
Batch: 100  over  134
Epoch 8/70: train loss 0.8227, val loss 0.8082
Epoch 8/70: train mIoU 0.0535, val mIoU 0.0521
Time: 0:13:44.544165
Epoch 9/70
Training
Batch: 0  over  400
Batch: 50  over  400
Batch: 100  over  400
Batch: 150  over  400
Batch: 200  over  400
Batch: 250  over  400
Batch: 300  over  400
Batch: 350  over  400
Validation
Batch: 0  over  134
Batch: 50  over  134
Batch: 100  over  134
Epoch 9/70: train loss 0.8212, val loss 0.8078
Epoch 9/70: train mIoU 0.0535, val mIoU 0.0521
Time: 0:13:44.703426
Epoch 10/70
Training
Batch: 0  over  400
Batch: 50  over  400
Batch: 100  over  400
Batch: 150  over  400
Batch: 200  over  400
Batch: 250  over  400
Batch: 300  over  400
Batch: 350  over  400
Validation
Batch: 0  over  134
Batch: 50  over  134
Batch: 100  over  134
Epoch 10/70: train loss 0.8237, val loss 0.8074
Epoch 10/70: train mIoU 0.0535, val mIoU 0.0521
Time: 0:13:42.613026
Epoch 11/70
Training
Batch: 0  over  400
Batch: 50  over  400
Batch: 100  over  400
Batch: 150  over  400
Batch: 200  over  400
Batch: 250  over  400
Batch: 300  over  400
Batch: 350  over  400
Validation
Batch: 0  over  134
Batch: 50  over  134
Batch: 100  over  134
Epoch 11/70: train loss 0.8168, val loss 0.8070
Epoch 11/70: train mIoU 0.0535, val mIoU 0.0521
Time: 0:13:44.399135
Epoch 12/70
Training
Batch: 0  over  400
Batch: 50  over  400
Batch: 100  over  400
Batch: 150  over  400
Batch: 200  over  400
Batch: 250  over  400
Batch: 300  over  400
Batch: 350  over  400
Validation
Batch: 0  over  134
Batch: 50  over  134
Batch: 100  over  134
Epoch 12/70: train loss 0.8188, val loss 0.8067
Epoch 12/70: train mIoU 0.0535, val mIoU 0.0521
Time: 0:13:45.740281
Epoch 13/70
Training
Batch: 0  over  400
Batch: 50  over  400
Batch: 100  over  400
Batch: 150  over  400
Batch: 200  over  400
Batch: 250  over  400
Batch: 300  over  400
Batch: 350  over  400
Validation
Batch: 0  over  134
Batch: 50  over  134
Batch: 100  over  134
Epoch 13/70: train loss 0.8174, val loss 0.8064
Epoch 13/70: train mIoU 0.0535, val mIoU 0.0521
Time: 0:13:47.352383
Epoch 14/70
Training
Batch: 0  over  400
Batch: 50  over  400
Batch: 100  over  400
Batch: 150  over  400
Batch: 200  over  400
Batch: 250  over  400
Batch: 300  over  400
Batch: 350  over  400
Validation
Batch: 0  over  134
Batch: 50  over  134
Batch: 100  over  134
Epoch 14/70: train loss 0.8209, val loss 0.8061
Epoch 14/70: train mIoU 0.0535, val mIoU 0.0521
Time: 0:13:44.704853
Epoch 15/70
Training
Batch: 0  over  400
Batch: 50  over  400
Batch: 100  over  400
Batch: 150  over  400
Batch: 200  over  400
Batch: 250  over  400
Batch: 300  over  400
Batch: 350  over  400
Validation
Batch: 0  over  134
Batch: 50  over  134
Batch: 100  over  134
Epoch 15/70: train loss 0.8190, val loss 0.8058
Epoch 15/70: train mIoU 0.0535, val mIoU 0.0521
Time: 0:13:31.320678
Epoch 16/70
Training
Batch: 0  over  400
Batch: 50  over  400
Batch: 100  over  400
Batch: 150  over  400
Batch: 200  over  400
Batch: 250  over  400
Batch: 300  over  400
Batch: 350  over  400
Validation
Batch: 0  over  134
Batch: 50  over  134
Batch: 100  over  134
Epoch 16/70: train loss 0.8185, val loss 0.8056
Epoch 16/70: train mIoU 0.0535, val mIoU 0.0521
Time: 0:13:20.854374
Epoch 17/70
Training
Batch: 0  over  400
Batch: 50  over  400
Batch: 100  over  400
Batch: 150  over  400
Batch: 200  over  400
Batch: 250  over  400
Batch: 300  over  400
Batch: 350  over  400
Validation
Batch: 0  over  134
Batch: 50  over  134
Batch: 100  over  134
Epoch 17/70: train loss 0.8132, val loss 0.8054
Epoch 17/70: train mIoU 0.0535, val mIoU 0.0521
Time: 0:13:20.423994
Epoch 18/70
Training
Batch: 0  over  400
Batch: 50  over  400
Batch: 100  over  400
Batch: 150  over  400
Batch: 200  over  400
Batch: 250  over  400
Batch: 300  over  400
Batch: 350  over  400
Validation
Batch: 0  over  134
Batch: 50  over  134
Batch: 100  over  134
Epoch 18/70: train loss 0.8191, val loss 0.8052
Epoch 18/70: train mIoU 0.0535, val mIoU 0.0521
Time: 0:13:20.891526
Epoch 19/70
Training
Batch: 0  over  400
Batch: 50  over  400
Batch: 100  over  400
Batch: 150  over  400
Batch: 200  over  400
Batch: 250  over  400
Batch: 300  over  400
Batch: 350  over  400
Validation
Batch: 0  over  134
Batch: 50  over  134
Batch: 100  over  134
Epoch 19/70: train loss 0.8180, val loss 0.8051
Epoch 19/70: train mIoU 0.0535, val mIoU 0.0521
Time: 0:13:23.331031
Epoch 20/70
Training
Batch: 0  over  400
Batch: 50  over  400
Batch: 100  over  400
Batch: 150  over  400
Batch: 200  over  400
Batch: 250  over  400
Batch: 300  over  400
Batch: 350  over  400
Validation
Batch: 0  over  134
Batch: 50  over  134
Batch: 100  over  134
Epoch 20/70: train loss 0.8167, val loss 0.8049
Epoch 20/70: train mIoU 0.0535, val mIoU 0.0521
Time: 0:13:21.621601
Epoch 21/70
Training
Batch: 0  over  400
Batch: 50  over  400
Batch: 100  over  400
Batch: 150  over  400
Batch: 200  over  400
Batch: 250  over  400
Batch: 300  over  400
Batch: 350  over  400
Validation
Batch: 0  over  134
Batch: 50  over  134
Batch: 100  over  134
Epoch 21/70: train loss 0.8155, val loss 0.8048
Epoch 21/70: train mIoU 0.0535, val mIoU 0.0521
Time: 0:13:25.003216
Epoch 22/70
Training
Batch: 0  over  400
Batch: 50  over  400
Batch: 100  over  400
Batch: 150  over  400
Batch: 200  over  400
Batch: 250  over  400
Batch: 300  over  400
Batch: 350  over  400
Validation
Batch: 0  over  134
Batch: 50  over  134
Batch: 100  over  134
Epoch 22/70: train loss 0.8221, val loss 0.8047
Epoch 22/70: train mIoU 0.0535, val mIoU 0.0521
Time: 0:13:39.123161
Epoch 23/70
Training
Batch: 0  over  400
Batch: 50  over  400
Batch: 100  over  400
Batch: 150  over  400
Batch: 200  over  400
Batch: 250  over  400
Batch: 300  over  400
Batch: 350  over  400
Validation
Batch: 0  over  134
Batch: 50  over  134
Batch: 100  over  134
Epoch 23/70: train loss 0.8187, val loss 0.8046
Epoch 23/70: train mIoU 0.0535, val mIoU 0.0521
Time: 0:13:56.032404
Epoch 24/70
Training
Batch: 0  over  400
Batch: 50  over  400
Batch: 100  over  400
Batch: 150  over  400
Batch: 200  over  400
Batch: 250  over  400
Batch: 300  over  400
Batch: 350  over  400
Validation
Batch: 0  over  134
Batch: 50  over  134
Batch: 100  over  134
Epoch 24/70: train loss 0.8163, val loss 0.8045
Epoch 24/70: train mIoU 0.0535, val mIoU 0.0521
Time: 0:13:33.567787
Epoch 25/70
Training
Batch: 0  over  400
Batch: 50  over  400
Batch: 100  over  400
Batch: 150  over  400
Batch: 200  over  400
Batch: 250  over  400
Batch: 300  over  400
Batch: 350  over  400
Validation
Batch: 0  over  134
Batch: 50  over  134
Batch: 100  over  134
Epoch 25/70: train loss 0.8151, val loss 0.8044
Epoch 25/70: train mIoU 0.0535, val mIoU 0.0521
Time: 0:13:22.732012
Epoch 26/70
Training
Batch: 0  over  400
Batch: 50  over  400
Batch: 100  over  400
Batch: 150  over  400
Batch: 200  over  400
Batch: 250  over  400
Batch: 300  over  400
Batch: 350  over  400
Validation
Batch: 0  over  134
Batch: 50  over  134
Batch: 100  over  134
Epoch 26/70: train loss 0.8189, val loss 0.8043
Epoch 26/70: train mIoU 0.0535, val mIoU 0.0521
