----------------------- UNet -----------------------
Patch size: 256
Classification level: 1
Using device: cuda
Loading data...
Data loading settings:
Splitting data: [0.6, 0.2]
Stratified: random
Batch size: 16
No data augmentation
The seed to shuffle the data is  1
Train: 6397 images, Val: 2133 images, Test: 2133 images
Train: 59.99%, Val: 20.00%, Test: 20.00%
Creating model...
Model settings:
Encoder name: efficientnet-b7
Pretrained: None
Classes: 6
Creating optimizer...
Training settings:
Learning rate: 0.0001
Criterion: Dice
Optimizer: Adam
Training...
Epoch 1/70
Training
Batch: 0  over  400
Batch: 50  over  400
Batch: 100  over  400
Batch: 150  over  400
Batch: 200  over  400
Batch: 250  over  400
Batch: 300  over  400
Batch: 350  over  400
Validation
Batch: 0  over  134
Batch: 50  over  134
Batch: 100  over  134
Epoch 1/70: train loss 0.7233, val loss 0.8589
Epoch 1/70: train mIoU 0.1821, val mIoU 0.0528
